[debug] [2025-01-13T15:40:13.594Z] ----------------------------------------------------------------------
[debug] [2025-01-13T15:40:13.598Z] Command:       C:\Program Files\nodejs\node.exe C:\Users\mohit\AppData\Roaming\npm\node_modules\firebase-tools\lib\bin\firebase.js deploy
[debug] [2025-01-13T15:40:13.598Z] CLI Version:   13.29.1
[debug] [2025-01-13T15:40:13.598Z] Platform:      win32
[debug] [2025-01-13T15:40:13.599Z] Node Version:  v22.13.0
[debug] [2025-01-13T15:40:13.599Z] Time:          Tue Jan 14 2025 00:40:13 GMT+0900 (GMT+09:00)
[debug] [2025-01-13T15:40:13.599Z] ----------------------------------------------------------------------
[debug] 
[debug] [2025-01-13T15:40:13.705Z] > command requires scopes: ["email","openid","https://www.googleapis.com/auth/cloudplatformprojects.readonly","https://www.googleapis.com/auth/firebase","https://www.googleapis.com/auth/cloud-platform"]
[debug] [2025-01-13T15:40:13.705Z] > authorizing via signed-in user (mohitsnh6@gmail.com)
[debug] [2025-01-13T15:40:13.706Z] [iam] checking project notesmaker-974ac for permissions ["firebase.projects.get","firebasehosting.sites.update"]
[debug] [2025-01-13T15:40:13.707Z] Checked if tokens are valid: false, expires at: 1676190068893
[debug] [2025-01-13T15:40:13.707Z] Checked if tokens are valid: false, expires at: 1676190068893
[debug] [2025-01-13T15:40:13.708Z] > refreshing access token with scopes: []
[debug] [2025-01-13T15:40:13.710Z] >>> [apiv2][query] POST https://www.googleapis.com/oauth2/v3/token [none]
[debug] [2025-01-13T15:40:13.710Z] >>> [apiv2][body] POST https://www.googleapis.com/oauth2/v3/token [omitted]
[debug] [2025-01-13T15:40:14.627Z] <<< [apiv2][status] POST https://www.googleapis.com/oauth2/v3/token 400
[debug] [2025-01-13T15:40:14.628Z] <<< [apiv2][body] POST https://www.googleapis.com/oauth2/v3/token [omitted]
[debug] [2025-01-13T15:40:14.628Z] >>> [apiv2][query] POST https://cloudresourcemanager.googleapis.com/v1/projects/notesmaker-974ac:testIamPermissions [none]
[debug] [2025-01-13T15:40:14.628Z] >>> [apiv2][(partial)header] POST https://cloudresourcemanager.googleapis.com/v1/projects/notesmaker-974ac:testIamPermissions x-goog-quota-user=projects/notesmaker-974ac
[debug] [2025-01-13T15:40:14.628Z] >>> [apiv2][body] POST https://cloudresourcemanager.googleapis.com/v1/projects/notesmaker-974ac:testIamPermissions {"permissions":["firebase.projects.get","firebasehosting.sites.update"]}
[debug] [2025-01-13T15:40:15.714Z] <<< [apiv2][status] POST https://cloudresourcemanager.googleapis.com/v1/projects/notesmaker-974ac:testIamPermissions 401
[debug] [2025-01-13T15:40:15.714Z] <<< [apiv2][body] POST https://cloudresourcemanager.googleapis.com/v1/projects/notesmaker-974ac:testIamPermissions {"error":{"code":401,"message":"Request had invalid authentication credentials. Expected OAuth 2 access token, login cookie or other valid authentication credential. See https://developers.google.com/identity/sign-in/web/devconsole-project.","status":"UNAUTHENTICATED","details":[{"@type":"type.googleapis.com/google.rpc.ErrorInfo","reason":"ACCESS_TOKEN_TYPE_UNSUPPORTED","metadata":{"method":"google.cloudresourcemanager.v1.Projects.TestIamPermissions","service":"cloudresourcemanager.googleapis.com"}}]}}
[debug] [2025-01-13T15:40:15.714Z] Got a 401 Unauthenticated error for a call that required authentication. Refreshing tokens.
[debug] [2025-01-13T15:40:15.714Z] Checked if tokens are valid: false, expires at: 1676190068893
[debug] [2025-01-13T15:40:15.714Z] Checked if tokens are valid: false, expires at: 1676190068893
[debug] [2025-01-13T15:40:15.714Z] > refreshing access token with scopes: []
[debug] [2025-01-13T15:40:15.715Z] >>> [apiv2][query] POST https://www.googleapis.com/oauth2/v3/token [none]
[debug] [2025-01-13T15:40:15.715Z] >>> [apiv2][body] POST https://www.googleapis.com/oauth2/v3/token [omitted]
[debug] [2025-01-13T15:40:15.829Z] <<< [apiv2][status] POST https://www.googleapis.com/oauth2/v3/token 400
[debug] [2025-01-13T15:40:15.829Z] <<< [apiv2][body] POST https://www.googleapis.com/oauth2/v3/token [omitted]
[debug] [2025-01-13T15:40:15.830Z] [iam] error while checking permissions, command may fail: Request to https://cloudresourcemanager.googleapis.com/v1/projects/notesmaker-974ac:testIamPermissions had HTTP Error: 401, Request had invalid authentication credentials. Expected OAuth 2 access token, login cookie or other valid authentication credential. See https://developers.google.com/identity/sign-in/web/devconsole-project.
[debug] [2025-01-13T15:40:15.830Z] Checked if tokens are valid: false, expires at: 1676190068893
[debug] [2025-01-13T15:40:15.830Z] Checked if tokens are valid: false, expires at: 1676190068893
[debug] [2025-01-13T15:40:15.830Z] > refreshing access token with scopes: []
[debug] [2025-01-13T15:40:15.831Z] >>> [apiv2][query] POST https://www.googleapis.com/oauth2/v3/token [none]
[debug] [2025-01-13T15:40:15.831Z] >>> [apiv2][body] POST https://www.googleapis.com/oauth2/v3/token [omitted]
[debug] [2025-01-13T15:40:15.940Z] <<< [apiv2][status] POST https://www.googleapis.com/oauth2/v3/token 400
[debug] [2025-01-13T15:40:15.941Z] <<< [apiv2][body] POST https://www.googleapis.com/oauth2/v3/token [omitted]
[debug] [2025-01-13T15:40:15.941Z] >>> [apiv2][query] GET https://firebase.googleapis.com/v1beta1/projects/notesmaker-974ac [none]
[debug] [2025-01-13T15:40:16.433Z] <<< [apiv2][status] GET https://firebase.googleapis.com/v1beta1/projects/notesmaker-974ac 401
[debug] [2025-01-13T15:40:16.433Z] <<< [apiv2][body] GET https://firebase.googleapis.com/v1beta1/projects/notesmaker-974ac {"error":{"code":401,"message":"Request had invalid authentication credentials. Expected OAuth 2 access token, login cookie or other valid authentication credential. See https://developers.google.com/identity/sign-in/web/devconsole-project.","status":"UNAUTHENTICATED"}}
[debug] [2025-01-13T15:40:16.433Z] Got a 401 Unauthenticated error for a call that required authentication. Refreshing tokens.
[debug] [2025-01-13T15:40:16.433Z] Checked if tokens are valid: false, expires at: 1676190068893
[debug] [2025-01-13T15:40:16.433Z] Checked if tokens are valid: false, expires at: 1676190068893
[debug] [2025-01-13T15:40:16.433Z] > refreshing access token with scopes: []
[debug] [2025-01-13T15:40:16.433Z] >>> [apiv2][query] POST https://www.googleapis.com/oauth2/v3/token [none]
[debug] [2025-01-13T15:40:16.434Z] >>> [apiv2][body] POST https://www.googleapis.com/oauth2/v3/token [omitted]
[debug] [2025-01-13T15:40:16.541Z] <<< [apiv2][status] POST https://www.googleapis.com/oauth2/v3/token 400
[debug] [2025-01-13T15:40:16.541Z] <<< [apiv2][body] POST https://www.googleapis.com/oauth2/v3/token [omitted]
[debug] [2025-01-13T15:40:16.542Z] Request to https://firebase.googleapis.com/v1beta1/projects/notesmaker-974ac had HTTP Error: 401, Request had invalid authentication credentials. Expected OAuth 2 access token, login cookie or other valid authentication credential. See https://developers.google.com/identity/sign-in/web/devconsole-project.
[error] 
[error] Error: Assertion failed: resolving hosting target of a site with no site name or target name. This should have caused an error earlier
